UIAppTemplate/build/outputs/logs/manifest-merger-debug-report.txt
-- Merging decision tree log ---
manifest
ADDED from oditty/UIAppTemplate/AndroidManifest.xml:2:1-96:12
	xmlns:tools
		ADDED from oditty/UIAppTemplate/AndroidManifest.xml:3:5-51
	xmlns:android
		ADDED from oditty/UIAppTemplate/AndroidManifest.xml:2:11-69
	package
		ADDED from oditty/UIAppTemplate/AndroidManifest.xml:4:5-47
	android:versionName
		ADDED from oditty/UIAppTemplate/AndroidManifest.xml:6:5-30
	android:versionCode
		ADDED from oditty/UIAppTemplate/AndroidManifest.xml:5:5-28
		INJECTED from oditty/UIAppTemplate/AndroidManifest.xml
		INJECTED from oditty/UIAppTemplate/AndroidManifest.xml
uses-sdk
ADDED from oditty/UIAppTemplate/AndroidManifest.xml:8:5-10:41
MERGED from [oditty:StickyListHeaders:unspecified] AndroidManifest.xml:7:5-9:41
MERGED from [oditty:android-support-v7-appcompat:unspecified] AndroidManifest.xml:21:5-70
MERGED from [oditty:volley:unspecified] AndroidManifest.xml:7:5-43
	android:targetSdkVersion
		ADDED from oditty/UIAppTemplate/AndroidManifest.xml:10:9-38
	android:minSdkVersion
		ADDED from oditty/UIAppTemplate/AndroidManifest.xml:9:9-34
		MERGED from oditty/UIAppTemplate/AndroidManifest.xml:9:9-34
	tools:overrideLibrary
		ADDED from [oditty:android-support-v7-appcompat:unspecified] AndroidManifest.xml:21:15-67
uses-permission#android.permission.ACCESS_NETWORK_STATE
ADDED from oditty/UIAppTemplate/AndroidManifest.xml:14:5-79
	android:name
		ADDED from oditty/UIAppTemplate/AndroidManifest.xml:14:22-76
uses-permission#android.permission.INTERNET
ADDED from oditty/UIAppTemplate/AndroidManifest.xml:15:5-67
	android:name
		ADDED from oditty/UIAppTemplate/AndroidManifest.xml:15:22-64
application
ADDED from oditty/UIAppTemplate/AndroidManifest.xml:17:5-94:19
MERGED from [oditty:android-support-v7-appcompat:unspecified] AndroidManifest.xml:23:5-20
MERGED from [oditty:volley:unspecified] AndroidManifest.xml:9:5-20
	android:label
		ADDED from oditty/UIAppTemplate/AndroidManifest.xml:21:9-41
	android:allowBackup
		ADDED from oditty/UIAppTemplate/AndroidManifest.xml:19:9-35
	android:icon
		ADDED from oditty/UIAppTemplate/AndroidManifest.xml:20:9-45
	android:theme
		ADDED from oditty/UIAppTemplate/AndroidManifest.xml:22:9-40
	android:name
		ADDED from oditty/UIAppTemplate/AndroidManifest.xml:18:9-74
activity#com.csform.android.uiapptemplate.LogInPageActivity
ADDED from oditty/UIAppTemplate/AndroidManifest.xml:23:9-32:20
	android:screenOrientation
		ADDED from oditty/UIAppTemplate/AndroidManifest.xml:25:13-49
	android:label
		ADDED from oditty/UIAppTemplate/AndroidManifest.xml:26:13-45
	android:theme
		ADDED from oditty/UIAppTemplate/AndroidManifest.xml:27:13-56
	android:name
		ADDED from oditty/UIAppTemplate/AndroidManifest.xml:24:13-46
intent-filter#android.intent.action.MAIN+android.intent.category.LAUNCHER
ADDED from oditty/UIAppTemplate/AndroidManifest.xml:28:13-31:29
action#android.intent.action.MAIN
ADDED from oditty/UIAppTemplate/AndroidManifest.xml:29:17-69
	android:name
		ADDED from oditty/UIAppTemplate/AndroidManifest.xml:29:25-66
category#android.intent.category.LAUNCHER
ADDED from oditty/UIAppTemplate/AndroidManifest.xml:30:17-77
	android:name
		ADDED from oditty/UIAppTemplate/AndroidManifest.xml:30:27-74
activity#com.csform.android.uiapptemplate.ParallaxKenBurnsActivity
ADDED from oditty/UIAppTemplate/AndroidManifest.xml:33:9-35:55
	android:theme
		ADDED from oditty/UIAppTemplate/AndroidManifest.xml:35:13-52
	android:name
		ADDED from oditty/UIAppTemplate/AndroidManifest.xml:34:13-53
activity#com.csform.android.uiapptemplate.ParallaxActivity
ADDED from oditty/UIAppTemplate/AndroidManifest.xml:36:9-54
	android:name
		ADDED from oditty/UIAppTemplate/AndroidManifest.xml:36:19-51
activity#com.csform.android.uiapptemplate.ParallaxTravelActivity
ADDED from oditty/UIAppTemplate/AndroidManifest.xml:37:9-60
	android:name
		ADDED from oditty/UIAppTemplate/AndroidManifest.xml:37:19-57
activity#com.csform.android.uiapptemplate.ParallaxSocialActivity
ADDED from oditty/UIAppTemplate/AndroidManifest.xml:38:9-60
	android:name
		ADDED from oditty/UIAppTemplate/AndroidManifest.xml:38:19-57
activity#com.csform.android.uiapptemplate.ImageGalleryCategoryActivity
ADDED from oditty/UIAppTemplate/AndroidManifest.xml:39:9-41:56
	android:theme
		ADDED from oditty/UIAppTemplate/AndroidManifest.xml:41:13-53
	android:name
		ADDED from oditty/UIAppTemplate/AndroidManifest.xml:40:13-57
activity#com.csform.android.uiapptemplate.ImageGallerySubcategoryActivity
ADDED from oditty/UIAppTemplate/AndroidManifest.xml:42:9-44:56
	android:theme
		ADDED from oditty/UIAppTemplate/AndroidManifest.xml:44:13-53
	android:name
		ADDED from oditty/UIAppTemplate/AndroidManifest.xml:43:13-60
activity#com.csform.android.uiapptemplate.SpacesParallaxActivity
ADDED from oditty/UIAppTemplate/AndroidManifest.xml:45:9-47:52
	android:screenOrientation
		ADDED from oditty/UIAppTemplate/AndroidManifest.xml:47:13-49
	android:name
		ADDED from oditty/UIAppTemplate/AndroidManifest.xml:46:13-51
activity#com.csform.android.uiapptemplate.SpacesActivity
ADDED from oditty/UIAppTemplate/AndroidManifest.xml:48:9-50:52
	android:screenOrientation
		ADDED from oditty/UIAppTemplate/AndroidManifest.xml:50:13-49
	android:name
		ADDED from oditty/UIAppTemplate/AndroidManifest.xml:49:13-43
activity#com.csform.android.uiapptemplate.SpacesListActivity
ADDED from oditty/UIAppTemplate/AndroidManifest.xml:51:9-53:52
	android:screenOrientation
		ADDED from oditty/UIAppTemplate/AndroidManifest.xml:53:13-49
	android:name
		ADDED from oditty/UIAppTemplate/AndroidManifest.xml:52:13-47
activity#com.csform.android.uiapptemplate.HomePageActivity
ADDED from oditty/UIAppTemplate/AndroidManifest.xml:54:9-56:52
	android:screenOrientation
		ADDED from oditty/UIAppTemplate/AndroidManifest.xml:56:13-49
	android:name
		ADDED from oditty/UIAppTemplate/AndroidManifest.xml:55:13-45
activity#com.csform.android.uiapptemplate.MainActivity
ADDED from oditty/UIAppTemplate/AndroidManifest.xml:57:9-59:52
	android:screenOrientation
		ADDED from oditty/UIAppTemplate/AndroidManifest.xml:59:13-49
	android:name
		ADDED from oditty/UIAppTemplate/AndroidManifest.xml:58:13-41
activity#com.csform.android.uiapptemplate.RegisterPageActivity
ADDED from oditty/UIAppTemplate/AndroidManifest.xml:60:9-62:52
	android:screenOrientation
		ADDED from oditty/UIAppTemplate/AndroidManifest.xml:62:13-49
	android:name
		ADDED from oditty/UIAppTemplate/AndroidManifest.xml:61:13-49
activity#com.csform.android.uiapptemplate.SplashScreensActivity
ADDED from oditty/UIAppTemplate/AndroidManifest.xml:63:9-59
	android:name
		ADDED from oditty/UIAppTemplate/AndroidManifest.xml:63:19-56
activity#com.csform.android.uiapptemplate.ListViewsActivity
ADDED from oditty/UIAppTemplate/AndroidManifest.xml:64:9-55
	android:name
		ADDED from oditty/UIAppTemplate/AndroidManifest.xml:64:19-52
activity#com.csform.android.uiapptemplate.LeftMenusActivity
ADDED from oditty/UIAppTemplate/AndroidManifest.xml:65:9-67:59
	android:theme
		ADDED from oditty/UIAppTemplate/AndroidManifest.xml:67:13-56
	android:name
		ADDED from oditty/UIAppTemplate/AndroidManifest.xml:66:13-46
activity#com.csform.android.uiapptemplate.LeftMenusTravelActivity
ADDED from oditty/UIAppTemplate/AndroidManifest.xml:68:9-70:59
	android:theme
		ADDED from oditty/UIAppTemplate/AndroidManifest.xml:70:13-56
	android:name
		ADDED from oditty/UIAppTemplate/AndroidManifest.xml:69:13-52
activity#com.csform.android.uiapptemplate.LeftMenusSocialActivity
ADDED from oditty/UIAppTemplate/AndroidManifest.xml:71:9-73:59
	android:theme
		ADDED from oditty/UIAppTemplate/AndroidManifest.xml:73:13-56
	android:name
		ADDED from oditty/UIAppTemplate/AndroidManifest.xml:72:13-52
activity#com.csform.android.uiapptemplate.LeftMenusMediaActivity
ADDED from oditty/UIAppTemplate/AndroidManifest.xml:74:9-76:59
	android:theme
		ADDED from oditty/UIAppTemplate/AndroidManifest.xml:76:13-56
	android:name
		ADDED from oditty/UIAppTemplate/AndroidManifest.xml:75:13-51
activity#com.csform.android.uiapptemplate.LeftMenusShoppingActivity
ADDED from oditty/UIAppTemplate/AndroidManifest.xml:77:9-79:59
	android:theme
		ADDED from oditty/UIAppTemplate/AndroidManifest.xml:79:13-56
	android:name
		ADDED from oditty/UIAppTemplate/AndroidManifest.xml:78:13-54
activity#com.csform.android.uiapptemplate.LeftMenusNewsActivity
ADDED from oditty/UIAppTemplate/AndroidManifest.xml:80:9-82:59
	android:theme
		ADDED from oditty/UIAppTemplate/AndroidManifest.xml:82:13-56
	android:name
		ADDED from oditty/UIAppTemplate/AndroidManifest.xml:81:13-50
activity#com.csform.android.uiapptemplate.SearchBarsActivity
ADDED from oditty/UIAppTemplate/AndroidManifest.xml:83:9-56
	android:name
		ADDED from oditty/UIAppTemplate/AndroidManifest.xml:83:19-53
activity#com.csform.android.uiapptemplate.CategoriesListViewActivity
ADDED from oditty/UIAppTemplate/AndroidManifest.xml:84:9-64
	android:name
		ADDED from oditty/UIAppTemplate/AndroidManifest.xml:84:19-61
activity#com.csform.android.uiapptemplate.DragAndDropTravelAndSocialActivity
ADDED from oditty/UIAppTemplate/AndroidManifest.xml:85:9-72
	android:name
		ADDED from oditty/UIAppTemplate/AndroidManifest.xml:85:19-69
activity#com.csform.android.uiapptemplate.SwipToDissmissListViewActivity
ADDED from oditty/UIAppTemplate/AndroidManifest.xml:86:9-68
	android:name
		ADDED from oditty/UIAppTemplate/AndroidManifest.xml:86:19-65
activity#com.csform.android.uiapptemplate.GoogleCardsActivity
ADDED from oditty/UIAppTemplate/AndroidManifest.xml:87:9-57
	android:name
		ADDED from oditty/UIAppTemplate/AndroidManifest.xml:87:19-54
activity#com.csform.android.uiapptemplate.GoogleCardsTravelActivity
ADDED from oditty/UIAppTemplate/AndroidManifest.xml:88:9-63
	android:name
		ADDED from oditty/UIAppTemplate/AndroidManifest.xml:88:19-60
activity#com.csform.android.uiapptemplate.GoogleCardsSocialActivity
ADDED from oditty/UIAppTemplate/AndroidManifest.xml:89:9-63
	android:name
		ADDED from oditty/UIAppTemplate/AndroidManifest.xml:89:19-60
activity#com.csform.android.uiapptemplate.ExpandableListViewActivity
ADDED from oditty/UIAppTemplate/AndroidManifest.xml:90:9-64
	android:name
		ADDED from oditty/UIAppTemplate/AndroidManifest.xml:90:19-61
activity#com.csform.android.uiapptemplate.ExpandableTravelListViewActivity
ADDED from oditty/UIAppTemplate/AndroidManifest.xml:91:9-70
	android:name
		ADDED from oditty/UIAppTemplate/AndroidManifest.xml:91:19-67
activity#com.csform.android.uiapptemplate.ExpandableSocialListViewActivity
ADDED from oditty/UIAppTemplate/AndroidManifest.xml:92:9-70
	android:name
		ADDED from oditty/UIAppTemplate/AndroidManifest.xml:92:19-67
activity#com.csform.android.uiapptemplate.StickyListHeadersActivity
ADDED from oditty/UIAppTemplate/AndroidManifest.xml:93:9-63
	android:name
		ADDED from oditty/UIAppTemplate/AndroidManifest.xml:93:19-60
android:uses-permission#android.permission.WRITE_EXTERNAL_STORAGE
IMPLIED from oditty/UIAppTemplate/AndroidManifest.xml:2:1-96:12 reason: android.support.v7.appcompat has a targetSdkVersion < 4
android:uses-permission#android.permission.READ_PHONE_STATE
IMPLIED from oditty/UIAppTemplate/AndroidManifest.xml:2:1-96:12 reason: android.support.v7.appcompat has a targetSdkVersion < 4
android:uses-permission#android.permission.READ_EXTERNAL_STORAGE
IMPLIED from oditty/UIAppTemplate/AndroidManifest.xml:2:1-96:12 reason: android.support.v7.appcompat requested WRITE_EXTERNAL_STORAGE